Tue Apr 13 2021 16:22:26 GMT-0400 (Eastern Daylight Time) - POST - /signup 
Tue Apr 13 2021 16:25:27 GMT-0400 (Eastern Daylight Time) - POST - /signup 
Tue Apr 13 2021 16:26:00 GMT-0400 (Eastern Daylight Time) - POST - /signup 
Tue Apr 13 2021 16:26:50 GMT-0400 (Eastern Daylight Time) - POST - /signup 
Tue Apr 13 2021 16:27:55 GMT-0400 (Eastern Daylight Time) - POST - /signup 
Tue Apr 13 2021 16:28:15 GMT-0400 (Eastern Daylight Time) - POST - /signup 
Tue Apr 13 2021 16:28:35 GMT-0400 (Eastern Daylight Time) - POST - /signup 
Tue Apr 13 2021 16:44:09 GMT-0400 (Eastern Daylight Time) - GET - /login 
Tue Apr 13 2021 16:45:23 GMT-0400 (Eastern Daylight Time) - GET - /login 
Tue Apr 13 2021 16:45:58 GMT-0400 (Eastern Daylight Time) - GET - /login 
Tue Apr 13 2021 16:46:59 GMT-0400 (Eastern Daylight Time) - GET - /login 
Tue Apr 13 2021 16:47:52 GMT-0400 (Eastern Daylight Time) - GET - /login 
Tue Apr 13 2021 16:48:29 GMT-0400 (Eastern Daylight Time) - POST - /signup 
Tue Apr 13 2021 16:48:46 GMT-0400 (Eastern Daylight Time) - GET - /login 
Tue Apr 13 2021 16:49:16 GMT-0400 (Eastern Daylight Time) - GET - /login 
Tue Apr 13 2021 16:50:03 GMT-0400 (Eastern Daylight Time) - GET - /login 
Tue Apr 13 2021 16:50:44 GMT-0400 (Eastern Daylight Time) - GET - /loginw 
Tue Apr 13 2021 17:18:18 GMT-0400 (Eastern Daylight Time) - POST - /product 
Tue Apr 13 2021 17:18:54 GMT-0400 (Eastern Daylight Time) - POST - /product 
Tue Apr 13 2021 17:20:17 GMT-0400 (Eastern Daylight Time) - POST - /product 
Tue Apr 13 2021 17:21:43 GMT-0400 (Eastern Daylight Time) - GET - /tablets 
Tue Apr 13 2021 17:22:07 GMT-0400 (Eastern Daylight Time) - GET - /tablets 
Wed Apr 14 2021 09:32:49 GMT-0400 (Eastern Daylight Time) - POST - /carts 
Wed Apr 14 2021 09:33:56 GMT-0400 (Eastern Daylight Time) - POST - /carts 
Wed Apr 14 2021 09:34:22 GMT-0400 (Eastern Daylight Time) - POST - /carts 
Wed Apr 14 2021 09:34:35 GMT-0400 (Eastern Daylight Time) - POST - /carts 
Wed Apr 14 2021 09:34:46 GMT-0400 (Eastern Daylight Time) - POST - /carts 
Wed Apr 14 2021 09:35:11 GMT-0400 (Eastern Daylight Time) - POST - /carts 
Wed Apr 14 2021 09:35:36 GMT-0400 (Eastern Daylight Time) - POST - /carts 
Wed Apr 14 2021 09:36:39 GMT-0400 (Eastern Daylight Time) - POST - /carts 
Wed Apr 14 2021 09:37:21 GMT-0400 (Eastern Daylight Time) - POST - /carts 
Wed Apr 14 2021 09:37:48 GMT-0400 (Eastern Daylight Time) - POST - /carts 
Wed Apr 14 2021 09:38:09 GMT-0400 (Eastern Daylight Time) - POST - /carts 
Wed Apr 14 2021 09:38:25 GMT-0400 (Eastern Daylight Time) - POST - /carts 
Wed Apr 14 2021 09:39:28 GMT-0400 (Eastern Daylight Time) - GET - /carts 
Wed Apr 14 2021 09:39:37 GMT-0400 (Eastern Daylight Time) - GET - /carts/James 
Wed Apr 14 2021 09:40:25 GMT-0400 (Eastern Daylight Time) - GET - /carts/James 
Wed Apr 14 2021 09:41:29 GMT-0400 (Eastern Daylight Time) - GET - /carts/James 
Wed Apr 14 2021 09:42:03 GMT-0400 (Eastern Daylight Time) - GET - /carts/James 
Wed Apr 14 2021 09:42:15 GMT-0400 (Eastern Daylight Time) - GET - /carts/franco 
Wed Apr 14 2021 09:42:20 GMT-0400 (Eastern Daylight Time) - GET - /carts/Franco 
Wed Apr 14 2021 09:51:24 GMT-0400 (Eastern Daylight Time) - PUT - /carts/Franco 
Wed Apr 14 2021 09:51:53 GMT-0400 (Eastern Daylight Time) - PUT - /carts/Francoy 
Wed Apr 14 2021 10:08:08 GMT-0400 (Eastern Daylight Time) - PUT - /orders/Mathan 
Wed Apr 14 2021 10:08:22 GMT-0400 (Eastern Daylight Time) - POST - /orders/Mathan 
Wed Apr 14 2021 10:09:40 GMT-0400 (Eastern Daylight Time) - POST - /orders/Mathan 
Wed Apr 14 2021 10:10:37 GMT-0400 (Eastern Daylight Time) - POST - /orders/Mathan 
Wed Apr 14 2021 10:10:50 GMT-0400 (Eastern Daylight Time) - POST - /orders/Franco 
Wed Apr 14 2021 10:19:13 GMT-0400 (Eastern Daylight Time) - POST - /orders/Franco 
